(0 0 0 0 34bf   0) (0 0 0 0 34c1   0) : 
(0 0 0 0 34f4   0) (0 0 0 0 34f6   0) : 
(0 0 0 0 35cc   0) (0 0 0 0 35ce   0) : 
(0 0 0 0 35e0   0) (0 0 0 0 35e2   0) : 
(0 0 0 0 35e1   0) (0 0 0 0 35e3   0) : 
(0 0 0 0 365d   0) (0 0 0 0 365f   0) : 
(0 0 0 0 3669   0) (0 0 0 0 366b   0) : 
(0 0 0 0 3685   0) (0 0 0 0 3687   0) : 
(0 0 0 0 369e   0) (0 0 0 0 36a0   0) : 
(0 0 0 0 369f   0) (0 0 0 0 36a1   0) : 
(0 0 0 0 36a0   0) (0 0 0 0 36a2   0) : 
(0 0 0 0 36bc   0) (0 0 0 0 36be   0) : 
(0 0 0 0 36c0   0) (0 0 0 0 36c2   0) : 
(0 0 0 0 36c4   0) (0 0 0 0 36c6   0) : 
(0 0 0 0 36cd   0) (0 0 0 0 36cf   0) : 
(0 0 0 0 36ee   0) (0 0 0 0 36f0   0) : 
(0 0 0 0 36ef   0) (0 0 0 0 36f1   0) : 
(0 0 0 0 36f0   0) (0 0 0 0 36f2   0) : 
(0 0 0 0 3704   0) (0 0 0 0 3706   0) : 
(0 0 0 0 3730   0) (0 0 0 0 3732   0) : 
(0 0 0 0 373c   0) (0 0 0 0 373e   0) : 
(0 0 0 0 373d   0) (0 0 0 0 373f   0) : 
(0 0 0 0 373e   0) (0 0 0 0 3740   0) : 
(0 0 0 0 373f   0) (0 0 0 0 3741   0) : 
(0 0 0 0 3740   0) (0 0 0 0 3742   0) : 
(0 0 0 0 3741   0) (0 0 0 0 3743   0) : 
(0 0 0 0 375c   0) (0 0 0 0 375e   0) : 
(0 0 0 0 375d   0) (0 0 0 0 375f   0) : 
(0 0 0 0 375e   0) (0 0 0 0 3760   0) : 
(0 0 0 0 375f   0) (0 0 0 0 3761   0) : 
(0 0 0 0 3773   0) (0 0 0 0 3775   0) : 
(0 0 0 0 3777   0) (0 0 0 0 3779   0) : 
(0 0 0 0 3778   0) (0 0 0 0 377a   0) : 
(0 0 0 0 3779   0) (0 0 0 0 377b   0) : 
(0 0 0 0 378b   0) (0 0 0 0 378d   0) : 
(0 0 0 0 378c   0) (0 0 0 0 378e   0) : 
(0 0 0 0 3791   0) (0 0 0 0 3793   0) : 
(0 0 0 0 37a8   0) (0 0 0 0 37aa   0) : 
(0 0 0 0 37b7   0) (0 0 0 0 37b9   0) : 
(0 0 0 0 37c6   0) (0 0 0 0 37c8   0) : 
(0 0 0 0 37c7   0) (0 0 0 0 37c9   0) : 
(0 0 0 0 37c8   0) (0 0 0 0 37ca   0) : 
(0 0 0 0 37d0   0) (0 0 0 0 37d2   0) : 
(0 0 0 0 37d4   0) (0 0 0 0 37d6   0) : 
(0 0 0 0 37dc   0) (0 0 0 0 37de   0) : 
(0 0 0 0 380c   0) (0 0 0 0 380e   0) : 
(0 0 0 0 385e   0) (0 0 0 0 3860   0) : 
(0 0 0 0 385f   0) (0 0 0 0 3861   0) : 
(0 0 0 0 3876   0) (0 0 0 0 3878   0) : 
(0 0 0 0 3877   0) (0 0 0 0 3879   0) : 
(0 0 0 0 38b4   0) (0 0 0 0 38b6   0) : 
(0 0 0 0 38ba   0) (0 0 0 0 38bc   0) : 
(0 0 0 0 38bb   0) (0 0 0 0 38bd   0) : 
(0 0 0 0 38bc   0) (0 0 0 0 38be   0) : 
(0 0 0 0 38bd   0) (0 0 0 0 38bf   0) : 
(0 0 0 0 38be   0) (0 0 0 0 38c0   0) : 
(0 0 0 0 38bf   0) (0 0 0 0 38c1   0) : 
(0 0 0 0 38ec   0) (0 0 0 0 38ee   0) : 
(0 0 0 0 38ed   0) (0 0 0 0 38ef   0) : 
(0 0 0 0 38f7   0) (0 0 0 0 38f9   0) : 
(0 0 0 0 3932   0) (0 0 0 0 3934   0) : 
(0 0 0 0 3955   0) (0 0 0 0 3957   0) : 
(0 0 0 0 4e3c   0) (0 0 0 0 4e3e   0) : 
(0 0 0 0 4e3d   0) (0 0 0 0 4e3f   0) : 
(0 0 0 0 4e44   0) (0 0 0 0 4e46   0) : 
(0 0 0 0 4e5c   0) (0 0 0 0 4e5e   0) : 
(0 0 0 0 4e5d   0) (0 0 0 0 4e5f   0) : 
(0 0 0 0 4e68   0) (0 0 0 0 4e6a   0) : 
(0 0 0 0 4e69   0) (0 0 0 0 4e6b   0) : 
(0 0 0 0 4e76   0) (0 0 0 0 4e78   0) : 
(0 0 0 0 4e77   0) (0 0 0 0 4e79   0) : 
(0 0 0 0 4e7b   0) (0 0 0 0 4e7d   0) : 
(0 0 0 0 4e84   0) (0 0 0 0 4e86   0) : 
(0 0 0 0 4e88   0) (0 0 0 0 4e8a   0) : 
(0 0 0 0 4e89   0) (0 0 0 0 4e8b   0) : 
(0 0 0 0 4ec0   0) (0 0 0 0 4ec2   0) : 
(0 0 0 0 4ec1   0) (0 0 0 0 4ec3   0) : 
(0 0 0 0 4ef7   0) (0 0 0 0 4ef9   0) : 
(0 0 0 0 4f0f   0) (0 0 0 0 4f11   0) : 
(0 0 0 0 4f10   0) (0 0 0 0 4f12   0) : 
(0 0 0 0 4f11   0) (0 0 0 0 4f13   0) : 
(0 0 0 0 4f1a   0) (0 0 0 0 4f1c   0) : 
(0 0 0 0 4f1b   0) (0 0 0 0 4f1d   0) : 
(0 0 0 0 4f1c   0) (0 0 0 0 4f1e   0) : 
(0 0 0 0 4fb1   0) (0 0 0 0 4fb3   0) : 
(0 0 0 0 5012   0) (0 0 0 0 5014   0) : 
(0 0 0 0 51d4   0) (0 0 0 0 51d6   0) : 
(0 0 0 0 51fc   0) (0 0 0 0 51fe   0) : 
(0 0 0 0 51fd   0) (0 0 0 0 51ff   0) : 
(0 0 0 0 524c   0) (0 0 0 0 524e   0) : 
(0 0 0 0 524d   0) (0 0 0 0 524f   0) : 
(0 0 0 0 52a2   0) (0 0 0 0 52a4   0) : 
(0 0 0 0 52a3   0) (0 0 0 0 52a5   0) : 
(0 0 0 0 52a7   0) (0 0 0 0 52a9   0) : 
(0 0 0 0 52a8   0) (0 0 0 0 52aa   0) : 
(0 0 0 0 52b4   0) (0 0 0 0 52b6   0) : 
(0 0 0 0 52b5   0) (0 0 0 0 52b7   0) : 
(0 0 0 0 52c4   0) (0 0 0 0 52c6   0) : 
(0 0 0 0 52c8   0) (0 0 0 0 52ca   0) : 
(0 0 0 0 52ce   0) (0 0 0 0 52d0   0) : 
(0 0 0 0 52cf   0) (0 0 0 0 52d1   0) : 
(0 0 0 0 52d0   0) (0 0 0 0 52d2   0) : 
(0 0 0 0 52d1   0) (0 0 0 0 52d3   0) : 
(0 0 0 0 52d2   0) (0 0 0 0 52d4   0) : 
(0 0 0 0 52d3   0) (0 0 0 0 52d5   0) : 
(0 0 0 0 52e7   0) (0 0 0 0 52e9   0) : 
(0 0 0 0 52e8   0) (0 0 0 0 52ea   0) : 
(0 0 0 0 52e9   0) (0 0 0 0 52eb   0) : 
(0 0 0 0 52ea   0) (0 0 0 0 52ec   0) : 
(0 0 0 0 555d   0) (0 0 0 0 555f   0) : 
(0 0 0 0 55ac   0) (0 0 0 0 55ae   0) : 
(0 0 0 0 55ad   0) (0 0 0 0 55af   0) : 
(0 0 0 0 55f5   0) (0 0 0 0 55f7   0) : 
(0 0 0 0 5605   0) (0 0 0 0 5607   0) : 
(0 0 0 0 5618   0) (0 0 0 0 561a   0) : 
(0 0 0 0 5619   0) (0 0 0 0 561b   0) : 
(0 0 0 0 5652   0) (0 0 0 0 5654   0) : 
(0 0 0 0 5653   0) (0 0 0 0 5655   0) : 
(0 0 0 0 5699   0) (0 0 0 0 569b   0) : 
(0 0 0 0 56a0   0) (0 0 0 0 56a2   0) : 
(0 0 0 0 56a1   0) (0 0 0 0 56a3   0) : 
(0 0 0 0 56a2   0) (0 0 0 0 56a4   0) : 
(0 0 0 0 56a3   0) (0 0 0 0 56a5   0) : 
(0 0 0 0 56a7   0) (0 0 0 0 56a9   0) : 
(0 0 0 0 56d8   0) (0 0 0 0 56da   0) : 
(0 0 0 0 56f2   0) (0 0 0 0 56f4   0) : 
(0 0 0 0 56f3   0) (0 0 0 0 56f5   0) : 
(0 0 0 0 56f4   0) (0 0 0 0 56f6   0) : 
(0 0 0 0 56f5   0) (0 0 0 0 56f7   0) : 
(0 0 0 0 573d   0) (0 0 0 0 573f   0) : 
(0 0 0 0 57dc   0) (0 0 0 0 57de   0) : 
(0 0 0 0 57dd   0) (0 0 0 0 57df   0) : 
(0 0 0 0 5863   0) (0 0 0 0 5865   0) : 
(0 0 0 0 66f8   0) (0 0 0 0 66fa   0) : 
(0 0 0 0 66f9   0) (0 0 0 0 66fb   0) : 
(0 0 0 0 66fa   0) (0 0 0 0 66fc   0) : 
(0 0 0 0 66fb   0) (0 0 0 0 66fd   0) : 
(0 0 0 0 66fc   0) (0 0 0 0 66fe   0) : 
(0 0 0 0 66fd   0) (0 0 0 0 66ff   0) : 
(0 0 0 1 34bf   0) (0 0 0 1 34c1   0) : 
(0 0 0 1 34f4   0) (0 0 0 1 34f6   0) : 
(0 0 0 1 35e0   0) (0 0 0 1 35e2   0) : 
(0 0 0 1 35e1   0) (0 0 0 1 35e3   0) : 
(0 0 0 1 365d   0) (0 0 0 1 365f   0) : 
(0 0 0 1 3669   0) (0 0 0 1 366b   0) : 
(0 0 0 1 369f   0) (0 0 0 1 36a1   0) : 
(0 0 0 1 36a0   0) (0 0 0 1 36a2   0) : 
(0 0 0 1 36bc   0) (0 0 0 1 36be   0) : 
(0 0 0 1 36c0   0) (0 0 0 1 36c2   0) : 
(0 0 0 1 36c4   0) (0 0 0 1 36c6   0) : 
(0 0 0 1 36cd   0) (0 0 0 1 36cf   0) : 
(0 0 0 1 36ee   0) (0 0 0 1 36f0   0) : 
(0 0 0 1 36ef   0) (0 0 0 1 36f1   0) : 
(0 0 0 1 36f0   0) (0 0 0 1 36f2   0) : 
(0 0 0 1 3704   0) (0 0 0 1 3706   0) : 
(0 0 0 1 3730   0) (0 0 0 1 3732   0) : 
(0 0 0 1 373b   0) (0 0 0 1 373d   0) : 
(0 0 0 1 373c   0) (0 0 0 1 373e   0) : 
(0 0 0 1 3740   0) (0 0 0 1 3742   0) : 
(0 0 0 1 3741   0) (0 0 0 1 3743   0) : 
(0 0 0 1 375c   0) (0 0 0 1 375e   0) : 
(0 0 0 1 375d   0) (0 0 0 1 375f   0) : 
(0 0 0 1 375e   0) (0 0 0 1 3760   0) : 
(0 0 0 1 375f   0) (0 0 0 1 3761   0) : 
(0 0 0 1 3773   0) (0 0 0 1 3775   0) : 
(0 0 0 1 3777   0) (0 0 0 1 3779   0) : 
(0 0 0 1 3778   0) (0 0 0 1 377a   0) : 
(0 0 0 1 3779   0) (0 0 0 1 377b   0) : 
(0 0 0 1 378b   0) (0 0 0 1 378d   0) : 
(0 0 0 1 378c   0) (0 0 0 1 378e   0) : 
(0 0 0 1 378d   0) (0 0 0 1 378f   0) : 
(0 0 0 1 37a8   0) (0 0 0 1 37aa   0) : 
(0 0 0 1 37b7   0) (0 0 0 1 37b9   0) : 
(0 0 0 1 37c6   0) (0 0 0 1 37c8   0) : 
(0 0 0 1 37c7   0) (0 0 0 1 37c9   0) : 
(0 0 0 1 37c8   0) (0 0 0 1 37ca   0) : 
(0 0 0 1 37c9   0) (0 0 0 1 37cb   0) : 
(0 0 0 1 37d0   0) (0 0 0 1 37d2   0) : 
(0 0 0 1 37d4   0) (0 0 0 1 37d6   0) : 
(0 0 0 1 37dc   0) (0 0 0 1 37de   0) : 
(0 0 0 1 380c   0) (0 0 0 1 380e   0) : 
(0 0 0 1 385e   0) (0 0 0 1 3860   0) : 
(0 0 0 1 385f   0) (0 0 0 1 3861   0) : 
(0 0 0 1 3876   0) (0 0 0 1 3878   0) : 
(0 0 0 1 3877   0) (0 0 0 1 3879   0) : 
(0 0 0 1 38ba   0) (0 0 0 1 38bc   0) : 
(0 0 0 1 38bb   0) (0 0 0 1 38bd   0) : 
(0 0 0 1 38bc   0) (0 0 0 1 38be   0) : 
(0 0 0 1 3954   0) (0 0 0 1 3956   0) : 
(0 0 0 1 3955   0) (0 0 0 1 3957   0) : 
(0 0 0 1 4e3d   0) (0 0 0 1 4e3f   0) : 
(0 0 0 1 4e44   0) (0 0 0 1 4e46   0) : 
(0 0 0 1 4e5c   0) (0 0 0 1 4e5e   0) : 
(0 0 0 1 4e5d   0) (0 0 0 1 4e5f   0) : 
(0 0 0 1 4e68   0) (0 0 0 1 4e6a   0) : 
(0 0 0 1 4e69   0) (0 0 0 1 4e6b   0) : 
(0 0 0 1 4e76   0) (0 0 0 1 4e78   0) : 
(0 0 0 1 4e77   0) (0 0 0 1 4e79   0) : 
(0 0 0 1 4e7b   0) (0 0 0 1 4e7d   0) : 
(0 0 0 1 4e84   0) (0 0 0 1 4e86   0) : 
(0 0 0 1 4e88   0) (0 0 0 1 4e8a   0) : 
(0 0 0 1 4e89   0) (0 0 0 1 4e8b   0) : 
(0 0 0 1 4ec0   0) (0 0 0 1 4ec2   0) : 
(0 0 0 1 4ef7   0) (0 0 0 1 4ef9   0) : 
(0 0 0 1 4f0f   0) (0 0 0 1 4f11   0) : 
(0 0 0 1 4f10   0) (0 0 0 1 4f12   0) : 
(0 0 0 1 4f11   0) (0 0 0 1 4f13   0) : 
(0 0 0 1 4f1a   0) (0 0 0 1 4f1c   0) : 
(0 0 0 1 4f1b   0) (0 0 0 1 4f1d   0) : 
(0 0 0 1 4f1c   0) (0 0 0 1 4f1e   0) : 
(0 0 0 1 4fb1   0) (0 0 0 1 4fb3   0) : 
(0 0 0 1 5012   0) (0 0 0 1 5014   0) : 
(0 0 0 1 51af   0) (0 0 0 1 51b1   0) : 
(0 0 0 1 51fc   0) (0 0 0 1 51fe   0) : 
(0 0 0 1 51fd   0) (0 0 0 1 51ff   0) : 
(0 0 0 1 524c   0) (0 0 0 1 524e   0) : 
(0 0 0 1 524d   0) (0 0 0 1 524f   0) : 
(0 0 0 1 52a2   0) (0 0 0 1 52a4   0) : 
(0 0 0 1 52a3   0) (0 0 0 1 52a5   0) : 
(0 0 0 1 52a7   0) (0 0 0 1 52a9   0) : 
(0 0 0 1 52b5   0) (0 0 0 1 52b7   0) : 
(0 0 0 1 52c4   0) (0 0 0 1 52c6   0) : 
(0 0 0 1 52c8   0) (0 0 0 1 52ca   0) : 
(0 0 0 1 52d0   0) (0 0 0 1 52d2   0) : 
(0 0 0 1 52d1   0) (0 0 0 1 52d3   0) : 
(0 0 0 1 52d2   0) (0 0 0 1 52d4   0) : 
(0 0 0 1 52d3   0) (0 0 0 1 52d5   0) : 
(0 0 0 1 52d9   0) (0 0 0 1 52db   0) : 
(0 0 0 1 52e7   0) (0 0 0 1 52e9   0) : 
(0 0 0 1 52e8   0) (0 0 0 1 52ea   0) : 
(0 0 0 1 52e9   0) (0 0 0 1 52eb   0) : 
(0 0 0 1 52ea   0) (0 0 0 1 52ec   0) : 
(0 0 0 1 555d   0) (0 0 0 1 555f   0) : 
(0 0 0 1 55ac   0) (0 0 0 1 55ae   0) : 
(0 0 0 1 55ad   0) (0 0 0 1 55af   0) : 
(0 0 0 1 55f5   0) (0 0 0 1 55f7   0) : 
(0 0 0 1 5605   0) (0 0 0 1 5607   0) : 
(0 0 0 1 5618   0) (0 0 0 1 561a   0) : 
(0 0 0 1 5619   0) (0 0 0 1 561b   0) : 
(0 0 0 1 5652   0) (0 0 0 1 5654   0) : 
(0 0 0 1 5653   0) (0 0 0 1 5655   0) : 
(0 0 0 1 5699   0) (0 0 0 1 569b   0) : 
(0 0 0 1 56a0   0) (0 0 0 1 56a2   0) : 
(0 0 0 1 56a1   0) (0 0 0 1 56a3   0) : 
(0 0 0 1 56a2   0) (0 0 0 1 56a4   0) : 
(0 0 0 1 56a3   0) (0 0 0 1 56a5   0) : 
(0 0 0 1 56a7   0) (0 0 0 1 56a9   0) : 
(0 0 0 1 56f2   0) (0 0 0 1 56f4   0) : 
(0 0 0 1 56f3   0) (0 0 0 1 56f5   0) : 
(0 0 0 1 56f4   0) (0 0 0 1 56f6   0) : 
(0 0 0 1 56f5   0) (0 0 0 1 56f7   0) : 
(0 0 0 1 5730   0) (0 0 0 1 5732   0) : 
(0 0 0 1 573d   0) (0 0 0 1 573f   0) : 
(0 0 0 1 57dc   0) (0 0 0 1 57de   0) : 
(0 0 0 1 57dd   0) (0 0 0 1 57df   0) : 
(0 0 0 1 585e   0) (0 0 0 1 5860   0) : 
(0 0 0 1 5863   0) (0 0 0 1 5865   0) : 
(0 0 0 1 66f9   0) (0 0 0 1 66fb   0) : 
(0 0 0 1 66fa   0) (0 0 0 1 66fc   0) : 
(0 0 0 1 66fb   0) (0 0 0 1 66fd   0) : 
(0 0 0 1 66fc   0) (0 0 0 1 66fe   0) : 
(0 0 0 1 66fd   0) (0 0 0 1 66ff   0) : 
(0 0 0 2 34bf   0) (0 0 0 2 34c1   0) : 
(0 0 0 2 34f4   0) (0 0 0 2 34f6   0) : 
(0 0 0 2 35d1   0) (0 0 0 2 35d3   0) : 
(0 0 0 2 35e0   0) (0 0 0 2 35e2   0) : 
(0 0 0 2 365d   0) (0 0 0 2 365f   0) : 
(0 0 0 2 3669   0) (0 0 0 2 366b   0) : 
(0 0 0 2 369f   0) (0 0 0 2 36a1   0) : 
(0 0 0 2 36a0   0) (0 0 0 2 36a2   0) : 
(0 0 0 2 36bc   0) (0 0 0 2 36be   0) : 
(0 0 0 2 36bd   0) (0 0 0 2 36bf   0) : 
(0 0 0 2 36be   0) (0 0 0 2 36c0   0) : 
(0 0 0 2 36bf   0) (0 0 0 2 36c1   0) : 
(0 0 0 2 36c0   0) (0 0 0 2 36c2   0) : 
(0 0 0 2 36c4   0) (0 0 0 2 36c6   0) : 
(0 0 0 2 36cd   0) (0 0 0 2 36cf   0) : 
(0 0 0 2 36ee   0) (0 0 0 2 36f0   0) : 
(0 0 0 2 36ef   0) (0 0 0 2 36f1   0) : 
(0 0 0 2 36f0   0) (0 0 0 2 36f2   0) : 
(0 0 0 2 36f1   0) (0 0 0 2 36f3   0) : 
(0 0 0 2 3704   0) (0 0 0 2 3706   0) : 
(0 0 0 2 3730   0) (0 0 0 2 3732   0) : 
(0 0 0 2 373c   0) (0 0 0 2 373e   0) : 
(0 0 0 2 3740   0) (0 0 0 2 3742   0) : 
(0 0 0 2 3741   0) (0 0 0 2 3743   0) : 
(0 0 0 2 375c   0) (0 0 0 2 375e   0) : 
(0 0 0 2 375d   0) (0 0 0 2 375f   0) : 
(0 0 0 2 375e   0) (0 0 0 2 3760   0) : 
(0 0 0 2 375f   0) (0 0 0 2 3761   0) : 
(0 0 0 2 3773   0) (0 0 0 2 3775   0) : 
(0 0 0 2 3777   0) (0 0 0 2 3779   0) : 
(0 0 0 2 3778   0) (0 0 0 2 377a   0) : 
(0 0 0 2 3779   0) (0 0 0 2 377b   0) : 
(0 0 0 2 378b   0) (0 0 0 2 378d   0) : 
(0 0 0 2 378c   0) (0 0 0 2 378e   0) : 
(0 0 0 2 37a8   0) (0 0 0 2 37aa   0) : 
(0 0 0 2 37b7   0) (0 0 0 2 37b9   0) : 
(0 0 0 2 37c6   0) (0 0 0 2 37c8   0) : 
(0 0 0 2 37c7   0) (0 0 0 2 37c9   0) : 
(0 0 0 2 37c8   0) (0 0 0 2 37ca   0) : 
(0 0 0 2 37d0   0) (0 0 0 2 37d2   0) : 
(0 0 0 2 37d4   0) (0 0 0 2 37d6   0) : 
(0 0 0 2 37dc   0) (0 0 0 2 37de   0) : 
(0 0 0 2 380c   0) (0 0 0 2 380e   0) : 
(0 0 0 2 385e   0) (0 0 0 2 3860   0) : 
(0 0 0 2 385f   0) (0 0 0 2 3861   0) : 
(0 0 0 2 3876   0) (0 0 0 2 3878   0) : 
(0 0 0 2 3877   0) (0 0 0 2 3879   0) : 
(0 0 0 2 38ba   0) (0 0 0 2 38bc   0) : 
(0 0 0 2 38bb   0) (0 0 0 2 38bd   0) : 
(0 0 0 2 38bc   0) (0 0 0 2 38be   0) : 
(0 0 0 2 3932   0) (0 0 0 2 3934   0) : 
(0 0 0 2 3954   0) (0 0 0 2 3956   0) : 
(0 0 0 2 3955   0) (0 0 0 2 3957   0) : 
(0 0 0 2 4e3d   0) (0 0 0 2 4e3f   0) : 
(0 0 0 2 4e44   0) (0 0 0 2 4e46   0) : 
(0 0 0 2 4e45   0) (0 0 0 2 4e47   0) : 
(0 0 0 2 4e5c   0) (0 0 0 2 4e5e   0) : 
(0 0 0 2 4e5d   0) (0 0 0 2 4e5f   0) : 
(0 0 0 2 4e68   0) (0 0 0 2 4e6a   0) : 
(0 0 0 2 4e69   0) (0 0 0 2 4e6b   0) : 
(0 0 0 2 4e76   0) (0 0 0 2 4e78   0) : 
(0 0 0 2 4e77   0) (0 0 0 2 4e79   0) : 
(0 0 0 2 4e7b   0) (0 0 0 2 4e7d   0) : 
(0 0 0 2 4e84   0) (0 0 0 2 4e86   0) : 
(0 0 0 2 4e85   0) (0 0 0 2 4e87   0) : 
(0 0 0 2 4e86   0) (0 0 0 2 4e88   0) : 
(0 0 0 2 4e87   0) (0 0 0 2 4e89   0) : 
(0 0 0 2 4e88   0) (0 0 0 2 4e8a   0) : 
(0 0 0 2 4e89   0) (0 0 0 2 4e8b   0) : 
(0 0 0 2 4ef7   0) (0 0 0 2 4ef9   0) : 
(0 0 0 2 4f0f   0) (0 0 0 2 4f11   0) : 
(0 0 0 2 4f10   0) (0 0 0 2 4f12   0) : 
(0 0 0 2 4f11   0) (0 0 0 2 4f13   0) : 
(0 0 0 2 4f1a   0) (0 0 0 2 4f1c   0) : 
(0 0 0 2 4f1b   0) (0 0 0 2 4f1d   0) : 
(0 0 0 2 4f1c   0) (0 0 0 2 4f1e   0) : 
(0 0 0 2 4fb1   0) (0 0 0 2 4fb3   0) : 
(0 0 0 2 5012   0) (0 0 0 2 5014   0) : 
(0 0 0 2 51d4   0) (0 0 0 2 51d6   0) : 
(0 0 0 2 51fc   0) (0 0 0 2 51fe   0) : 
(0 0 0 2 51fd   0) (0 0 0 2 51ff   0) : 
(0 0 0 2 524c   0) (0 0 0 2 524e   0) : 
(0 0 0 2 524d   0) (0 0 0 2 524f   0) : 
(0 0 0 2 52b4   0) (0 0 0 2 52b6   0) : 
(0 0 0 2 52b5   0) (0 0 0 2 52b7   0) : 
(0 0 0 2 52c4   0) (0 0 0 2 52c6   0) : 
(0 0 0 2 52c8   0) (0 0 0 2 52ca   0) : 
(0 0 0 2 52cd   0) (0 0 0 2 52cf   0) : 
(0 0 0 2 52ce   0) (0 0 0 2 52d0   0) : 
(0 0 0 2 52cf   0) (0 0 0 2 52d1   0) : 
(0 0 0 2 52d0   0) (0 0 0 2 52d2   0) : 
(0 0 0 2 52d1   0) (0 0 0 2 52d3   0) : 
(0 0 0 2 555d   0) (0 0 0 2 555f   0) : 
(0 0 0 2 55ac   0) (0 0 0 2 55ae   0) : 
(0 0 0 2 55ad   0) (0 0 0 2 55af   0) : 
(0 0 0 2 55ae   0) (0 0 0 2 55b0   0) : 
(0 0 0 2 55f5   0) (0 0 0 2 55f7   0) : 
(0 0 0 2 5605   0) (0 0 0 2 5607   0) : 
(0 0 0 2 5618   0) (0 0 0 2 561a   0) : 
(0 0 0 2 5619   0) (0 0 0 2 561b   0) : 
(0 0 0 2 5652   0) (0 0 0 2 5654   0) : 
(0 0 0 2 5653   0) (0 0 0 2 5655   0) : 
(0 0 0 2 5699   0) (0 0 0 2 569b   0) : 
(0 0 0 2 56a0   0) (0 0 0 2 56a2   0) : 
(0 0 0 2 56a1   0) (0 0 0 2 56a3   0) : 
(0 0 0 2 56a2   0) (0 0 0 2 56a4   0) : 
(0 0 0 2 56a3   0) (0 0 0 2 56a5   0) : 
(0 0 0 2 56a7   0) (0 0 0 2 56a9   0) : 
(0 0 0 2 56d8   0) (0 0 0 2 56da   0) : 
(0 0 0 2 56f2   0) (0 0 0 2 56f4   0) : 
(0 0 0 2 56f3   0) (0 0 0 2 56f5   0) : 
(0 0 0 2 56f4   0) (0 0 0 2 56f6   0) : 
(0 0 0 2 56f5   0) (0 0 0 2 56f7   0) : 
(0 0 0 2 5730   0) (0 0 0 2 5732   0) : 
(0 0 0 2 5731   0) (0 0 0 2 5733   0) : 
(0 0 0 2 573d   0) (0 0 0 2 573f   0) : 
(0 0 0 2 57dc   0) (0 0 0 2 57de   0) : 
(0 0 0 2 57dd   0) (0 0 0 2 57df   0) : 
(0 0 0 2 5863   0) (0 0 0 2 5865   0) : 
(0 0 0 2 5864   0) (0 0 0 2 5866   0) : 
(0 0 0 2 66f9   0) (0 0 0 2 66fb   0) : 
(0 0 0 2 66fa   0) (0 0 0 2 66fc   0) : 
(0 0 0 2 66fb   0) (0 0 0 2 66fd   0) : 
(0 0 0 2 66fc   0) (0 0 0 2 66fe   0) : 
(0 0 0 2 66fd   0) (0 0 0 2 66ff   0) : 
(0 0 0 3 34be   0) (0 0 0 3 34c0   0) : 
(0 0 0 3 34bf   0) (0 0 0 3 34c1   0) : 
(0 0 0 3 34f4   0) (0 0 0 3 34f6   0) : 
(0 0 0 3 35b7   0) (0 0 0 3 35b9   0) : 
(0 0 0 3 35b8   0) (0 0 0 3 35ba   0) : 
(0 0 0 3 35cc   0) (0 0 0 3 35ce   0) : 
(0 0 0 3 35e0   0) (0 0 0 3 35e2   0) : 
(0 0 0 3 365d   0) (0 0 0 3 365f   0) : 
(0 0 0 3 3669   0) (0 0 0 3 366b   0) : 
(0 0 0 3 369f   0) (0 0 0 3 36a1   0) : 
(0 0 0 3 36a0   0) (0 0 0 3 36a2   0) : 
(0 0 0 3 36bc   0) (0 0 0 3 36be   0) : 
(0 0 0 3 36c0   0) (0 0 0 3 36c2   0) : 
(0 0 0 3 36c4   0) (0 0 0 3 36c6   0) : 
(0 0 0 3 36cd   0) (0 0 0 3 36cf   0) : 
(0 0 0 3 36ee   0) (0 0 0 3 36f0   0) : 
(0 0 0 3 36ef   0) (0 0 0 3 36f1   0) : 
(0 0 0 3 36f0   0) (0 0 0 3 36f2   0) : 
(0 0 0 3 3704   0) (0 0 0 3 3706   0) : 
(0 0 0 3 3730   0) (0 0 0 3 3732   0) : 
(0 0 0 3 373c   0) (0 0 0 3 373e   0) : 
(0 0 0 3 3740   0) (0 0 0 3 3742   0) : 
(0 0 0 3 3741   0) (0 0 0 3 3743   0) : 
(0 0 0 3 375c   0) (0 0 0 3 375e   0) : 
(0 0 0 3 375d   0) (0 0 0 3 375f   0) : 
(0 0 0 3 375e   0) (0 0 0 3 3760   0) : 
(0 0 0 3 375f   0) (0 0 0 3 3761   0) : 
(0 0 0 3 3773   0) (0 0 0 3 3775   0) : 
(0 0 0 3 3777   0) (0 0 0 3 3779   0) : 
(0 0 0 3 3778   0) (0 0 0 3 377a   0) : 
(0 0 0 3 3779   0) (0 0 0 3 377b   0) : 
(0 0 0 3 378b   0) (0 0 0 3 378d   0) : 
(0 0 0 3 378c   0) (0 0 0 3 378e   0) : 
(0 0 0 3 37a8   0) (0 0 0 3 37aa   0) : 
(0 0 0 3 37b7   0) (0 0 0 3 37b9   0) : 
(0 0 0 3 37c6   0) (0 0 0 3 37c8   0) : 
(0 0 0 3 37c7   0) (0 0 0 3 37c9   0) : 
(0 0 0 3 37c8   0) (0 0 0 3 37ca   0) : 
(0 0 0 3 37d0   0) (0 0 0 3 37d2   0) : 
(0 0 0 3 37d4   0) (0 0 0 3 37d6   0) : 
(0 0 0 3 37dc   0) (0 0 0 3 37de   0) : 
(0 0 0 3 380c   0) (0 0 0 3 380e   0) : 
(0 0 0 3 385e   0) (0 0 0 3 3860   0) : 
(0 0 0 3 385f   0) (0 0 0 3 3861   0) : 
(0 0 0 3 3876   0) (0 0 0 3 3878   0) : 
(0 0 0 3 3877   0) (0 0 0 3 3879   0) : 
(0 0 0 3 38ba   0) (0 0 0 3 38bc   0) : 
(0 0 0 3 38bb   0) (0 0 0 3 38bd   0) : 
(0 0 0 3 38bc   0) (0 0 0 3 38be   0) : 
(0 0 0 3 38bd   0) (0 0 0 3 38bf   0) : 
(0 0 0 3 38be   0) (0 0 0 3 38c0   0) : 
(0 0 0 3 38bf   0) (0 0 0 3 38c1   0) : 
(0 0 0 3 3955   0) (0 0 0 3 3957   0) : 
(0 0 0 3 4e3d   0) (0 0 0 3 4e3f   0) : 
(0 0 0 3 4e44   0) (0 0 0 3 4e46   0) : 
(0 0 0 3 4e45   0) (0 0 0 3 4e47   0) : 
(0 0 0 3 4e68   0) (0 0 0 3 4e6a   0) : 
(0 0 0 3 4e69   0) (0 0 0 3 4e6b   0) : 
(0 0 0 3 4e76   0) (0 0 0 3 4e78   0) : 
(0 0 0 3 4e77   0) (0 0 0 3 4e79   0) : 
(0 0 0 3 4e7b   0) (0 0 0 3 4e7d   0) : 
(0 0 0 3 4e84   0) (0 0 0 3 4e86   0) : 
(0 0 0 3 4e88   0) (0 0 0 3 4e8a   0) : 
(0 0 0 3 4e89   0) (0 0 0 3 4e8b   0) : 
(0 0 0 3 4ec0   0) (0 0 0 3 4ec2   0) : 
(0 0 0 3 4ecb   0) (0 0 0 3 4ecd   0) : 
(0 0 0 3 4ef7   0) (0 0 0 3 4ef9   0) : 
(0 0 0 3 4f1a   0) (0 0 0 3 4f1c   0) : 
(0 0 0 3 4f1b   0) (0 0 0 3 4f1d   0) : 
(0 0 0 3 4f1c   0) (0 0 0 3 4f1e   0) : 
(0 0 0 3 4fb1   0) (0 0 0 3 4fb3   0) : 
(0 0 0 3 5012   0) (0 0 0 3 5014   0) : 
(0 0 0 3 51d1   0) (0 0 0 3 51d3   0) : 
(0 0 0 3 51d2   0) (0 0 0 3 51d4   0) : 
(0 0 0 3 51d3   0) (0 0 0 3 51d5   0) : 
(0 0 0 3 51d4   0) (0 0 0 3 51d6   0) : 
(0 0 0 3 51fc   0) (0 0 0 3 51fe   0) : 
(0 0 0 3 51fd   0) (0 0 0 3 51ff   0) : 
(0 0 0 3 524c   0) (0 0 0 3 524e   0) : 
(0 0 0 3 52b3   0) (0 0 0 3 52b5   0) : 
(0 0 0 3 52b4   0) (0 0 0 3 52b6   0) : 
(0 0 0 3 52b5   0) (0 0 0 3 52b7   0) : 
(0 0 0 3 52c4   0) (0 0 0 3 52c6   0) : 
(0 0 0 3 52c8   0) (0 0 0 3 52ca   0) : 
(0 0 0 3 52cc   0) (0 0 0 3 52ce   0) : 
(0 0 0 3 52cd   0) (0 0 0 3 52cf   0) : 
(0 0 0 3 52ce   0) (0 0 0 3 52d0   0) : 
(0 0 0 3 52cf   0) (0 0 0 3 52d1   0) : 
(0 0 0 3 52d0   0) (0 0 0 3 52d2   0) : 
(0 0 0 3 52d1   0) (0 0 0 3 52d3   0) : 
(0 0 0 3 52d5   0) (0 0 0 3 52d7   0) : 
(0 0 0 3 52d6   0) (0 0 0 3 52d8   0) : 
(0 0 0 3 52d7   0) (0 0 0 3 52d9   0) : 
(0 0 0 3 52d8   0) (0 0 0 3 52da   0) : 
(0 0 0 3 52d9   0) (0 0 0 3 52db   0) : 
(0 0 0 3 52da   0) (0 0 0 3 52dc   0) : 
(0 0 0 3 52db   0) (0 0 0 3 52dd   0) : 
(0 0 0 3 52ea   0) (0 0 0 3 52ec   0) : 
(0 0 0 3 555d   0) (0 0 0 3 555f   0) : 
(0 0 0 3 55ac   0) (0 0 0 3 55ae   0) : 
(0 0 0 3 55ad   0) (0 0 0 3 55af   0) : 
(0 0 0 3 55f5   0) (0 0 0 3 55f7   0) : 
(0 0 0 3 5605   0) (0 0 0 3 5607   0) : 
(0 0 0 3 5618   0) (0 0 0 3 561a   0) : 
(0 0 0 3 5619   0) (0 0 0 3 561b   0) : 
(0 0 0 3 5652   0) (0 0 0 3 5654   0) : 
(0 0 0 3 5653   0) (0 0 0 3 5655   0) : 
(0 0 0 3 5699   0) (0 0 0 3 569b   0) : 
(0 0 0 3 56a0   0) (0 0 0 3 56a2   0) : 
(0 0 0 3 56a1   0) (0 0 0 3 56a3   0) : 
(0 0 0 3 56a2   0) (0 0 0 3 56a4   0) : 
(0 0 0 3 56a3   0) (0 0 0 3 56a5   0) : 
(0 0 0 3 56a7   0) (0 0 0 3 56a9   0) : 
(0 0 0 3 56f2   0) (0 0 0 3 56f4   0) : 
(0 0 0 3 56f3   0) (0 0 0 3 56f5   0) : 
(0 0 0 3 56f4   0) (0 0 0 3 56f6   0) : 
(0 0 0 3 56f5   0) (0 0 0 3 56f7   0) : 
(0 0 0 3 573d   0) (0 0 0 3 573f   0) : 
(0 0 0 3 57dc   0) (0 0 0 3 57de   0) : 
(0 0 0 3 57dd   0) (0 0 0 3 57df   0) : 
(0 0 0 3 5863   0) (0 0 0 3 5865   0) : 
(0 0 0 3 593a   0) (0 0 0 3 593c   0) : 
(0 0 0 3 66f8   0) (0 0 0 3 66fa   0) : 
(0 0 0 3 66f9   0) (0 0 0 3 66fb   0) : 
(0 0 0 3 66fa   0) (0 0 0 3 66fc   0) : 
(0 0 0 3 66fb   0) (0 0 0 3 66fd   0) : 
(0 0 0 3 66fc   0) (0 0 0 3 66fe   0) : 
(0 0 0 3 66fd   0) (0 0 0 3 66ff   0) : 
(0 0 0 4 1b06   0) (0 0 0 4 1b08   0) : 
(0 0 0 4 34bf   0) (0 0 0 4 34c1   0) : 
(0 0 0 4 34f4   0) (0 0 0 4 34f6   0) : 
(0 0 0 4 35d2   0) (0 0 0 4 35d4   0) : 
(0 0 0 4 35df   0) (0 0 0 4 35e1   0) : 
(0 0 0 4 35e0   0) (0 0 0 4 35e2   0) : 
(0 0 0 4 365d   0) (0 0 0 4 365f   0) : 
(0 0 0 4 3669   0) (0 0 0 4 366b   0) : 
(0 0 0 4 369f   0) (0 0 0 4 36a1   0) : 
(0 0 0 4 36a0   0) (0 0 0 4 36a2   0) : 
(0 0 0 4 36bc   0) (0 0 0 4 36be   0) : 
(0 0 0 4 36c0   0) (0 0 0 4 36c2   0) : 
(0 0 0 4 36c4   0) (0 0 0 4 36c6   0) : 
(0 0 0 4 36c5   0) (0 0 0 4 36c7   0) : 
(0 0 0 4 36cd   0) (0 0 0 4 36cf   0) : 
(0 0 0 4 36ee   0) (0 0 0 4 36f0   0) : 
(0 0 0 4 36ef   0) (0 0 0 4 36f1   0) : 
(0 0 0 4 36f0   0) (0 0 0 4 36f2   0) : 
(0 0 0 4 36f7   0) (0 0 0 4 36f9   0) : 
(0 0 0 4 3704   0) (0 0 0 4 3706   0) : 
(0 0 0 4 3730   0) (0 0 0 4 3732   0) : 
(0 0 0 4 373c   0) (0 0 0 4 373e   0) : 
(0 0 0 4 3740   0) (0 0 0 4 3742   0) : 
(0 0 0 4 3741   0) (0 0 0 4 3743   0) : 
(0 0 0 4 375c   0) (0 0 0 4 375e   0) : 
(0 0 0 4 375d   0) (0 0 0 4 375f   0) : 
(0 0 0 4 375e   0) (0 0 0 4 3760   0) : 
(0 0 0 4 375f   0) (0 0 0 4 3761   0) : 
(0 0 0 4 3773   0) (0 0 0 4 3775   0) : 
(0 0 0 4 3777   0) (0 0 0 4 3779   0) : 
(0 0 0 4 3778   0) (0 0 0 4 377a   0) : 
(0 0 0 4 3779   0) (0 0 0 4 377b   0) : 
(0 0 0 4 378b   0) (0 0 0 4 378d   0) : 
(0 0 0 4 378c   0) (0 0 0 4 378e   0) : 
(0 0 0 4 37a8   0) (0 0 0 4 37aa   0) : 
(0 0 0 4 37b7   0) (0 0 0 4 37b9   0) : 
(0 0 0 4 37c0   0) (0 0 0 4 37c2   0) : 
(0 0 0 4 37c1   0) (0 0 0 4 37c3   0) : 
(0 0 0 4 37c6   0) (0 0 0 4 37c8   0) : 
(0 0 0 4 37c7   0) (0 0 0 4 37c9   0) : 
(0 0 0 4 37c8   0) (0 0 0 4 37ca   0) : 
(0 0 0 4 37d0   0) (0 0 0 4 37d2   0) : 
(0 0 0 4 37d4   0) (0 0 0 4 37d6   0) : 
(0 0 0 4 37dc   0) (0 0 0 4 37de   0) : 
(0 0 0 4 380c   0) (0 0 0 4 380e   0) : 
(0 0 0 4 385e   0) (0 0 0 4 3860   0) : 
(0 0 0 4 385f   0) (0 0 0 4 3861   0) : 
(0 0 0 4 3876   0) (0 0 0 4 3878   0) : 
(0 0 0 4 3877   0) (0 0 0 4 3879   0) : 
(0 0 0 4 38ba   0) (0 0 0 4 38bc   0) : 
(0 0 0 4 38bb   0) (0 0 0 4 38bd   0) : 
(0 0 0 4 38bc   0) (0 0 0 4 38be   0) : 
(0 0 0 4 38f7   0) (0 0 0 4 38f9   0) : 
(0 0 0 4 3955   0) (0 0 0 4 3957   0) : 
(0 0 0 4 4e3d   0) (0 0 0 4 4e3f   0) : 
(0 0 0 4 4e44   0) (0 0 0 4 4e46   0) : 
(0 0 0 4 4e68   0) (0 0 0 4 4e6a   0) : 
(0 0 0 4 4e69   0) (0 0 0 4 4e6b   0) : 
(0 0 0 4 4e76   0) (0 0 0 4 4e78   0) : 
(0 0 0 4 4e77   0) (0 0 0 4 4e79   0) : 
(0 0 0 4 4e7b   0) (0 0 0 4 4e7d   0) : 
(0 0 0 4 4e84   0) (0 0 0 4 4e86   0) : 
(0 0 0 4 4e89   0) (0 0 0 4 4e8b   0) : 
(0 0 0 4 4ee7   0) (0 0 0 4 4ee9   0) : 
(0 0 0 4 4ee8   0) (0 0 0 4 4eea   0) : 
(0 0 0 4 4ef7   0) (0 0 0 4 4ef9   0) : 
(0 0 0 4 4fb1   0) (0 0 0 4 4fb3   0) : 
(0 0 0 4 4fb2   0) (0 0 0 4 4fb4   0) : 
(0 0 0 4 5012   0) (0 0 0 4 5014   0) : 
(0 0 0 4 51d4   0) (0 0 0 4 51d6   0) : 
(0 0 0 4 524c   0) (0 0 0 4 524e   0) : 
(0 0 0 4 52a4   0) (0 0 0 4 52a6   0) : 
(0 0 0 4 52a5   0) (0 0 0 4 52a7   0) : 
(0 0 0 4 52a6   0) (0 0 0 4 52a8   0) : 
(0 0 0 4 52a7   0) (0 0 0 4 52a9   0) : 
(0 0 0 4 52b5   0) (0 0 0 4 52b7   0) : 
(0 0 0 4 52c4   0) (0 0 0 4 52c6   0) : 
(0 0 0 4 52c8   0) (0 0 0 4 52ca   0) : 
(0 0 0 4 52cc   0) (0 0 0 4 52ce   0) : 
(0 0 0 4 52cd   0) (0 0 0 4 52cf   0) : 
(0 0 0 4 52ce   0) (0 0 0 4 52d0   0) : 
(0 0 0 4 52cf   0) (0 0 0 4 52d1   0) : 
(0 0 0 4 52d0   0) (0 0 0 4 52d2   0) : 
(0 0 0 4 52d1   0) (0 0 0 4 52d3   0) : 
(0 0 0 4 52d2   0) (0 0 0 4 52d4   0) : 
(0 0 0 4 52d3   0) (0 0 0 4 52d5   0) : 
(0 0 0 4 52d4   0) (0 0 0 4 52d6   0) : 
(0 0 0 4 52d8   0) (0 0 0 4 52da   0) : 
(0 0 0 4 555d   0) (0 0 0 4 555f   0) : 
(0 0 0 4 55ac   0) (0 0 0 4 55ae   0) : 
(0 0 0 4 55f5   0) (0 0 0 4 55f7   0) : 
(0 0 0 4 5605   0) (0 0 0 4 5607   0) : 
(0 0 0 4 5617   0) (0 0 0 4 5619   0) : 
(0 0 0 4 5618   0) (0 0 0 4 561a   0) : 
(0 0 0 4 5619   0) (0 0 0 4 561b   0) : 
(0 0 0 4 5652   0) (0 0 0 4 5654   0) : 
(0 0 0 4 5653   0) (0 0 0 4 5655   0) : 
(0 0 0 4 5699   0) (0 0 0 4 569b   0) : 
(0 0 0 4 56a0   0) (0 0 0 4 56a2   0) : 
(0 0 0 4 56a1   0) (0 0 0 4 56a3   0) : 
(0 0 0 4 56a2   0) (0 0 0 4 56a4   0) : 
(0 0 0 4 56a3   0) (0 0 0 4 56a5   0) : 
(0 0 0 4 56a7   0) (0 0 0 4 56a9   0) : 
(0 0 0 4 56f2   0) (0 0 0 4 56f4   0) : 
(0 0 0 4 56f3   0) (0 0 0 4 56f5   0) : 
(0 0 0 4 56f4   0) (0 0 0 4 56f6   0) : 
(0 0 0 4 56f5   0) (0 0 0 4 56f7   0) : 
(0 0 0 4 573c   0) (0 0 0 4 573e   0) : 
(0 0 0 4 573d   0) (0 0 0 4 573f   0) : 
(0 0 0 4 5748   0) (0 0 0 4 574a   0) : 
(0 0 0 4 5749   0) (0 0 0 4 574b   0) : 
(0 0 0 4 5768   0) (0 0 0 4 576a   0) : 
(0 0 0 4 57db   0) (0 0 0 4 57dd   0) : 
(0 0 0 4 57dc   0) (0 0 0 4 57de   0) : 
(0 0 0 4 57dd   0) (0 0 0 4 57df   0) : 
(0 0 0 4 5863   0) (0 0 0 4 5865   0) : 
(0 0 0 4 66f9   0) (0 0 0 4 66fb   0) : 
(0 0 0 4 66fa   0) (0 0 0 4 66fc   0) : 
(0 0 0 4 66fb   0) (0 0 0 4 66fd   0) : 
(0 0 0 4 66fc   0) (0 0 0 4 66fe   0) : 
(0 0 0 4 66fd   0) (0 0 0 4 66ff   0) : 
(0 0 0 5 1b06   0) (0 0 0 5 1b08   0) : 
(0 0 0 5 34bf   0) (0 0 0 5 34c1   0) : 
(0 0 0 5 34f4   0) (0 0 0 5 34f6   0) : 
(0 0 0 5 35b7   0) (0 0 0 5 35b9   0) : 
(0 0 0 5 35d2   0) (0 0 0 5 35d4   0) : 
(0 0 0 5 35e0   0) (0 0 0 5 35e2   0) : 
(0 0 0 5 365d   0) (0 0 0 5 365f   0) : 
(0 0 0 5 3669   0) (0 0 0 5 366b   0) : 
(0 0 0 5 369f   0) (0 0 0 5 36a1   0) : 
(0 0 0 5 36a0   0) (0 0 0 5 36a2   0) : 
(0 0 0 5 36bc   0) (0 0 0 5 36be   0) : 
(0 0 0 5 36c0   0) (0 0 0 5 36c2   0) : 
(0 0 0 5 36c4   0) (0 0 0 5 36c6   0) : 
(0 0 0 5 36cd   0) (0 0 0 5 36cf   0) : 
(0 0 0 5 36ee   0) (0 0 0 5 36f0   0) : 
(0 0 0 5 36ef   0) (0 0 0 5 36f1   0) : 
(0 0 0 5 36f0   0) (0 0 0 5 36f2   0) : 
(0 0 0 5 3704   0) (0 0 0 5 3706   0) : 
(0 0 0 5 3730   0) (0 0 0 5 3732   0) : 
(0 0 0 5 373c   0) (0 0 0 5 373e   0) : 
(0 0 0 5 3740   0) (0 0 0 5 3742   0) : 
(0 0 0 5 3741   0) (0 0 0 5 3743   0) : 
(0 0 0 5 375c   0) (0 0 0 5 375e   0) : 
(0 0 0 5 375d   0) (0 0 0 5 375f   0) : 
(0 0 0 5 375e   0) (0 0 0 5 3760   0) : 
(0 0 0 5 375f   0) (0 0 0 5 3761   0) : 
(0 0 0 5 3773   0) (0 0 0 5 3775   0) : 
(0 0 0 5 3777   0) (0 0 0 5 3779   0) : 
(0 0 0 5 3778   0) (0 0 0 5 377a   0) : 
(0 0 0 5 3779   0) (0 0 0 5 377b   0) : 
(0 0 0 5 378b   0) (0 0 0 5 378d   0) : 
(0 0 0 5 378c   0) (0 0 0 5 378e   0) : 
(0 0 0 5 37a8   0) (0 0 0 5 37aa   0) : 
(0 0 0 5 37b7   0) (0 0 0 5 37b9   0) : 
(0 0 0 5 37c6   0) (0 0 0 5 37c8   0) : 
(0 0 0 5 37c7   0) (0 0 0 5 37c9   0) : 
(0 0 0 5 37c8   0) (0 0 0 5 37ca   0) : 
(0 0 0 5 37d0   0) (0 0 0 5 37d2   0) : 
(0 0 0 5 37d4   0) (0 0 0 5 37d6   0) : 
(0 0 0 5 37dc   0) (0 0 0 5 37de   0) : 
(0 0 0 5 37fa   0) (0 0 0 5 37fc   0) : 
(0 0 0 5 380c   0) (0 0 0 5 380e   0) : 
(0 0 0 5 385e   0) (0 0 0 5 3860   0) : 
(0 0 0 5 385f   0) (0 0 0 5 3861   0) : 
(0 0 0 5 3876   0) (0 0 0 5 3878   0) : 
(0 0 0 5 3877   0) (0 0 0 5 3879   0) : 
(0 0 0 5 38b3   0) (0 0 0 5 38b5   0) : 
(0 0 0 5 38ba   0) (0 0 0 5 38bc   0) : 
(0 0 0 5 38bb   0) (0 0 0 5 38bd   0) : 
(0 0 0 5 38bc   0) (0 0 0 5 38be   0) : 
(0 0 0 5 38f7   0) (0 0 0 5 38f9   0) : 
(0 0 0 5 3955   0) (0 0 0 5 3957   0) : 
(0 0 0 5 4e3d   0) (0 0 0 5 4e3f   0) : 
(0 0 0 5 4e44   0) (0 0 0 5 4e46   0) : 
(0 0 0 5 4e68   0) (0 0 0 5 4e6a   0) : 
(0 0 0 5 4e69   0) (0 0 0 5 4e6b   0) : 
(0 0 0 5 4e76   0) (0 0 0 5 4e78   0) : 
(0 0 0 5 4e77   0) (0 0 0 5 4e79   0) : 
(0 0 0 5 4e7b   0) (0 0 0 5 4e7d   0) : 
(0 0 0 5 4e84   0) (0 0 0 5 4e86   0) : 
(0 0 0 5 4e89   0) (0 0 0 5 4e8b   0) : 
(0 0 0 5 4ed0   0) (0 0 0 5 4ed2   0) : 
(0 0 0 5 4ef7   0) (0 0 0 5 4ef9   0) : 
(0 0 0 5 4f0a   0) (0 0 0 5 4f0c   0) : 
(0 0 0 5 4f0b   0) (0 0 0 5 4f0d   0) : 
(0 0 0 5 4fb1   0) (0 0 0 5 4fb3   0) : 
(0 0 0 5 4fb2   0) (0 0 0 5 4fb4   0) : 
(0 0 0 5 5012   0) (0 0 0 5 5014   0) : 
(0 0 0 5 51ae   0) (0 0 0 5 51b0   0) : 
(0 0 0 5 51af   0) (0 0 0 5 51b1   0) : 
(0 0 0 5 51d2   0) (0 0 0 5 51d4   0) : 
(0 0 0 5 524c   0) (0 0 0 5 524e   0) : 
(0 0 0 5 529f   0) (0 0 0 5 52a1   0) : 
(0 0 0 5 52a8   0) (0 0 0 5 52aa   0) : 
(0 0 0 5 52a9   0) (0 0 0 5 52ab   0) : 
(0 0 0 5 52aa   0) (0 0 0 5 52ac   0) : 
(0 0 0 5 52b5   0) (0 0 0 5 52b7   0) : 
(0 0 0 5 52c4   0) (0 0 0 5 52c6   0) : 
(0 0 0 5 52c8   0) (0 0 0 5 52ca   0) : 
(0 0 0 5 52cc   0) (0 0 0 5 52ce   0) : 
(0 0 0 5 52d1   0) (0 0 0 5 52d3   0) : 
(0 0 0 5 52d5   0) (0 0 0 5 52d7   0) : 
(0 0 0 5 555d   0) (0 0 0 5 555f   0) : 
(0 0 0 5 55ac   0) (0 0 0 5 55ae   0) : 
(0 0 0 5 55f5   0) (0 0 0 5 55f7   0) : 
(0 0 0 5 5605   0) (0 0 0 5 5607   0) : 
(0 0 0 5 5617   0) (0 0 0 5 5619   0) : 
(0 0 0 5 5618   0) (0 0 0 5 561a   0) : 
(0 0 0 5 5619   0) (0 0 0 5 561b   0) : 
(0 0 0 5 5652   0) (0 0 0 5 5654   0) : 
(0 0 0 5 5653   0) (0 0 0 5 5655   0) : 
(0 0 0 5 5699   0) (0 0 0 5 569b   0) : 
(0 0 0 5 56a0   0) (0 0 0 5 56a2   0) : 
(0 0 0 5 56a1   0) (0 0 0 5 56a3   0) : 
(0 0 0 5 56a2   0) (0 0 0 5 56a4   0) : 
(0 0 0 5 56a3   0) (0 0 0 5 56a5   0) : 
(0 0 0 5 56a7   0) (0 0 0 5 56a9   0) : 
(0 0 0 5 56d8   0) (0 0 0 5 56da   0) : 
(0 0 0 5 56f2   0) (0 0 0 5 56f4   0) : 
(0 0 0 5 56f3   0) (0 0 0 5 56f5   0) : 
(0 0 0 5 56f4   0) (0 0 0 5 56f6   0) : 
(0 0 0 5 56f5   0) (0 0 0 5 56f7   0) : 
(0 0 0 5 573b   0) (0 0 0 5 573d   0) : 
(0 0 0 5 573c   0) (0 0 0 5 573e   0) : 
(0 0 0 5 573d   0) (0 0 0 5 573f   0) : 
(0 0 0 5 5748   0) (0 0 0 5 574a   0) : 
(0 0 0 5 57da   0) (0 0 0 5 57dc   0) : 
(0 0 0 5 57db   0) (0 0 0 5 57dd   0) : 
(0 0 0 5 57dc   0) (0 0 0 5 57de   0) : 
(0 0 0 5 57dd   0) (0 0 0 5 57df   0) : 
(0 0 0 5 5863   0) (0 0 0 5 5865   0) : 
(0 0 0 5 66f8   0) (0 0 0 5 66fa   0) : 
(0 0 0 5 66f9   0) (0 0 0 5 66fb   0) : 
(0 0 0 5 66fa   0) (0 0 0 5 66fc   0) : 
(0 0 0 5 66fb   0) (0 0 0 5 66fd   0) : 
(0 0 0 5 66fc   0) (0 0 0 5 66fe   0) : 
(0 0 0 5 66fd   0) (0 0 0 5 66ff   0) : 
(0 0 0 6 1b06   0) (0 0 0 6 1b08   0) : 
(0 0 0 6 34bf   0) (0 0 0 6 34c1   0) : 
(0 0 0 6 34f4   0) (0 0 0 6 34f6   0) : 
(0 0 0 6 35b7   0) (0 0 0 6 35b9   0) : 
(0 0 0 6 35d2   0) (0 0 0 6 35d4   0) : 
(0 0 0 6 35e0   0) (0 0 0 6 35e2   0) : 
(0 0 0 6 365d   0) (0 0 0 6 365f   0) : 
(0 0 0 6 3669   0) (0 0 0 6 366b   0) : 
(0 0 0 6 3671   0) (0 0 0 6 3673   0) : 
(0 0 0 6 3672   0) (0 0 0 6 3674   0) : 
(0 0 0 6 369f   0) (0 0 0 6 36a1   0) : 
(0 0 0 6 36a0   0) (0 0 0 6 36a2   0) : 
(0 0 0 6 36bc   0) (0 0 0 6 36be   0) : 
(0 0 0 6 36c0   0) (0 0 0 6 36c2   0) : 
(0 0 0 6 36c4   0) (0 0 0 6 36c6   0) : 
(0 0 0 6 36cd   0) (0 0 0 6 36cf   0) : 
(0 0 0 6 36ce   0) (0 0 0 6 36d0   0) : 
(0 0 0 6 36ee   0) (0 0 0 6 36f0   0) : 
(0 0 0 6 36ef   0) (0 0 0 6 36f1   0) : 
(0 0 0 6 36f0   0) (0 0 0 6 36f2   0) : 
(0 0 0 6 3704   0) (0 0 0 6 3706   0) : 
(0 0 0 6 3730   0) (0 0 0 6 3732   0) : 
(0 0 0 6 373c   0) (0 0 0 6 373e   0) : 
(0 0 0 6 3740   0) (0 0 0 6 3742   0) : 
(0 0 0 6 3741   0) (0 0 0 6 3743   0) : 
(0 0 0 6 375c   0) (0 0 0 6 375e   0) : 
(0 0 0 6 375d   0) (0 0 0 6 375f   0) : 
(0 0 0 6 375e   0) (0 0 0 6 3760   0) : 
(0 0 0 6 375f   0) (0 0 0 6 3761   0) : 
(0 0 0 6 3773   0) (0 0 0 6 3775   0) : 
(0 0 0 6 3777   0) (0 0 0 6 3779   0) : 
(0 0 0 6 3778   0) (0 0 0 6 377a   0) : 
(0 0 0 6 3779   0) (0 0 0 6 377b   0) : 
(0 0 0 6 378b   0) (0 0 0 6 378d   0) : 
(0 0 0 6 378c   0) (0 0 0 6 378e   0) : 
(0 0 0 6 37a8   0) (0 0 0 6 37aa   0) : 
(0 0 0 6 37b7   0) (0 0 0 6 37b9   0) : 
(0 0 0 6 37c6   0) (0 0 0 6 37c8   0) : 
(0 0 0 6 37c7   0) (0 0 0 6 37c9   0) : 
(0 0 0 6 37c8   0) (0 0 0 6 37ca   0) : 
(0 0 0 6 37d0   0) (0 0 0 6 37d2   0) : 
(0 0 0 6 37d4   0) (0 0 0 6 37d6   0) : 
(0 0 0 6 37dc   0) (0 0 0 6 37de   0) : 
(0 0 0 6 380c   0) (0 0 0 6 380e   0) : 
(0 0 0 6 3819   0) (0 0 0 6 381b   0) : 
(0 0 0 6 385e   0) (0 0 0 6 3860   0) : 
(0 0 0 6 385f   0) (0 0 0 6 3861   0) : 
(0 0 0 6 3876   0) (0 0 0 6 3878   0) : 
(0 0 0 6 3877   0) (0 0 0 6 3879   0) : 
(0 0 0 6 38b3   0) (0 0 0 6 38b5   0) : 
(0 0 0 6 38ba   0) (0 0 0 6 38bc   0) : 
(0 0 0 6 38bb   0) (0 0 0 6 38bd   0) : 
(0 0 0 6 38bc   0) (0 0 0 6 38be   0) : 
(0 0 0 6 38f7   0) (0 0 0 6 38f9   0) : 
(0 0 0 6 3955   0) (0 0 0 6 3957   0) : 
(0 0 0 6 4e3d   0) (0 0 0 6 4e3f   0) : 
(0 0 0 6 4e44   0) (0 0 0 6 4e46   0) : 
(0 0 0 6 4e68   0) (0 0 0 6 4e6a   0) : 
(0 0 0 6 4e69   0) (0 0 0 6 4e6b   0) : 
(0 0 0 6 4e76   0) (0 0 0 6 4e78   0) : 
(0 0 0 6 4e77   0) (0 0 0 6 4e79   0) : 
(0 0 0 6 4e7b   0) (0 0 0 6 4e7d   0) : 
(0 0 0 6 4e84   0) (0 0 0 6 4e86   0) : 
(0 0 0 6 4e89   0) (0 0 0 6 4e8b   0) : 
(0 0 0 6 4ee8   0) (0 0 0 6 4eea   0) : 
(0 0 0 6 4ef7   0) (0 0 0 6 4ef9   0) : 
(0 0 0 6 4f6f   0) (0 0 0 6 4f71   0) : 
(0 0 0 6 4fb1   0) (0 0 0 6 4fb3   0) : 
(0 0 0 6 4fb2   0) (0 0 0 6 4fb4   0) : 
(0 0 0 6 5012   0) (0 0 0 6 5014   0) : 
(0 0 0 6 51d2   0) (0 0 0 6 51d4   0) : 
(0 0 0 6 51d3   0) (0 0 0 6 51d5   0) : 
(0 0 0 6 524c   0) (0 0 0 6 524e   0) : 
(0 0 0 6 52a1   0) (0 0 0 6 52a3   0) : 
(0 0 0 6 52a2   0) (0 0 0 6 52a4   0) : 
(0 0 0 6 52a6   0) (0 0 0 6 52a8   0) : 
(0 0 0 6 52a7   0) (0 0 0 6 52a9   0) : 
(0 0 0 6 52a8   0) (0 0 0 6 52aa   0) : 
(0 0 0 6 52a9   0) (0 0 0 6 52ab   0) : 
(0 0 0 6 52b5   0) (0 0 0 6 52b7   0) : 
(0 0 0 6 52bc   0) (0 0 0 6 52be   0) : 
(0 0 0 6 52bd   0) (0 0 0 6 52bf   0) : 
(0 0 0 6 52c4   0) (0 0 0 6 52c6   0) : 
(0 0 0 6 52c8   0) (0 0 0 6 52ca   0) : 
(0 0 0 6 52cf   0) (0 0 0 6 52d1   0) : 
(0 0 0 6 52d0   0) (0 0 0 6 52d2   0) : 
(0 0 0 6 52d1   0) (0 0 0 6 52d3   0) : 
(0 0 0 6 52d2   0) (0 0 0 6 52d4   0) : 
(0 0 0 6 52d3   0) (0 0 0 6 52d5   0) : 
(0 0 0 6 52d4   0) (0 0 0 6 52d6   0) : 
(0 0 0 6 52d5   0) (0 0 0 6 52d7   0) : 
(0 0 0 6 52d9   0) (0 0 0 6 52db   0) : 
(0 0 0 6 555d   0) (0 0 0 6 555f   0) : 
(0 0 0 6 55ac   0) (0 0 0 6 55ae   0) : 
(0 0 0 6 55f5   0) (0 0 0 6 55f7   0) : 
(0 0 0 6 5605   0) (0 0 0 6 5607   0) : 
(0 0 0 6 5618   0) (0 0 0 6 561a   0) : 
(0 0 0 6 5619   0) (0 0 0 6 561b   0) : 
(0 0 0 6 5652   0) (0 0 0 6 5654   0) : 
(0 0 0 6 5653   0) (0 0 0 6 5655   0) : 
(0 0 0 6 5699   0) (0 0 0 6 569b   0) : 
(0 0 0 6 56a0   0) (0 0 0 6 56a2   0) : 
(0 0 0 6 56a1   0) (0 0 0 6 56a3   0) : 
(0 0 0 6 56a2   0) (0 0 0 6 56a4   0) : 
(0 0 0 6 56a3   0) (0 0 0 6 56a5   0) : 
(0 0 0 6 56a7   0) (0 0 0 6 56a9   0) : 
(0 0 0 6 56d8   0) (0 0 0 6 56da   0) : 
(0 0 0 6 56d9   0) (0 0 0 6 56db   0) : 
(0 0 0 6 56f2   0) (0 0 0 6 56f4   0) : 
(0 0 0 6 56f3   0) (0 0 0 6 56f5   0) : 
(0 0 0 6 56f4   0) (0 0 0 6 56f6   0) : 
(0 0 0 6 56f5   0) (0 0 0 6 56f7   0) : 
(0 0 0 6 573d   0) (0 0 0 6 573f   0) : 
(0 0 0 6 57db   0) (0 0 0 6 57dd   0) : 
(0 0 0 6 57dc   0) (0 0 0 6 57de   0) : 
(0 0 0 6 57dd   0) (0 0 0 6 57df   0) : 
(0 0 0 6 5863   0) (0 0 0 6 5865   0) : 
(0 0 0 6 66f9   0) (0 0 0 6 66fb   0) : 
(0 0 0 6 66fa   0) (0 0 0 6 66fc   0) : 
(0 0 0 6 66fb   0) (0 0 0 6 66fd   0) : 
(0 0 0 6 66fc   0) (0 0 0 6 66fe   0) : 
(0 0 0 6 66fd   0) (0 0 0 6 66ff   0) : 
(0 0 0 7 1b06   0) (0 0 0 7 1b08   0) : 
(0 0 0 7 34bf   0) (0 0 0 7 34c1   0) : 
(0 0 0 7 34f4   0) (0 0 0 7 34f6   0) : 
(0 0 0 7 35b7   0) (0 0 0 7 35b9   0) : 
(0 0 0 7 35d2   0) (0 0 0 7 35d4   0) : 
(0 0 0 7 35df   0) (0 0 0 7 35e1   0) : 
(0 0 0 7 35e0   0) (0 0 0 7 35e2   0) : 
(0 0 0 7 365d   0) (0 0 0 7 365f   0) : 
(0 0 0 7 3669   0) (0 0 0 7 366b   0) : 
(0 0 0 7 369f   0) (0 0 0 7 36a1   0) : 
(0 0 0 7 36a0   0) (0 0 0 7 36a2   0) : 
(0 0 0 7 36bc   0) (0 0 0 7 36be   0) : 
(0 0 0 7 36c0   0) (0 0 0 7 36c2   0) : 
(0 0 0 7 36c4   0) (0 0 0 7 36c6   0) : 
(0 0 0 7 36cd   0) (0 0 0 7 36cf   0) : 
(0 0 0 7 36ee   0) (0 0 0 7 36f0   0) : 
(0 0 0 7 36ef   0) (0 0 0 7 36f1   0) : 
(0 0 0 7 36f0   0) (0 0 0 7 36f2   0) : 
(0 0 0 7 36f7   0) (0 0 0 7 36f9   0) : 
(0 0 0 7 3704   0) (0 0 0 7 3706   0) : 
(0 0 0 7 3730   0) (0 0 0 7 3732   0) : 
(0 0 0 7 373c   0) (0 0 0 7 373e   0) : 
(0 0 0 7 3740   0) (0 0 0 7 3742   0) : 
(0 0 0 7 3741   0) (0 0 0 7 3743   0) : 
(0 0 0 7 375c   0) (0 0 0 7 375e   0) : 
(0 0 0 7 375d   0) (0 0 0 7 375f   0) : 
(0 0 0 7 375e   0) (0 0 0 7 3760   0) : 
(0 0 0 7 375f   0) (0 0 0 7 3761   0) : 
(0 0 0 7 3773   0) (0 0 0 7 3775   0) : 
(0 0 0 7 3777   0) (0 0 0 7 3779   0) : 
(0 0 0 7 3778   0) (0 0 0 7 377a   0) : 
(0 0 0 7 3779   0) (0 0 0 7 377b   0) : 
(0 0 0 7 378b   0) (0 0 0 7 378d   0) : 
(0 0 0 7 378c   0) (0 0 0 7 378e   0) : 
(0 0 0 7 37a8   0) (0 0 0 7 37aa   0) : 
(0 0 0 7 37b7   0) (0 0 0 7 37b9   0) : 
(0 0 0 7 37c0   0) (0 0 0 7 37c2   0) : 
(0 0 0 7 37c1   0) (0 0 0 7 37c3   0) : 
(0 0 0 7 37c6   0) (0 0 0 7 37c8   0) : 
(0 0 0 7 37c7   0) (0 0 0 7 37c9   0) : 
(0 0 0 7 37c8   0) (0 0 0 7 37ca   0) : 
(0 0 0 7 37d0   0) (0 0 0 7 37d2   0) : 
(0 0 0 7 37d4   0) (0 0 0 7 37d6   0) : 
(0 0 0 7 37dc   0) (0 0 0 7 37de   0) : 
(0 0 0 7 380c   0) (0 0 0 7 380e   0) : 
(0 0 0 7 385e   0) (0 0 0 7 3860   0) : 
(0 0 0 7 385f   0) (0 0 0 7 3861   0) : 
(0 0 0 7 3876   0) (0 0 0 7 3878   0) : 
(0 0 0 7 3877   0) (0 0 0 7 3879   0) : 
(0 0 0 7 38ba   0) (0 0 0 7 38bc   0) : 
(0 0 0 7 38bb   0) (0 0 0 7 38bd   0) : 
(0 0 0 7 38bc   0) (0 0 0 7 38be   0) : 
(0 0 0 7 38f7   0) (0 0 0 7 38f9   0) : 
(0 0 0 7 3932   0) (0 0 0 7 3934   0) : 
(0 0 0 7 3955   0) (0 0 0 7 3957   0) : 
(0 0 0 7 4e3d   0) (0 0 0 7 4e3f   0) : 
(0 0 0 7 4e44   0) (0 0 0 7 4e46   0) : 
(0 0 0 7 4e68   0) (0 0 0 7 4e6a   0) : 
(0 0 0 7 4e69   0) (0 0 0 7 4e6b   0) : 
(0 0 0 7 4e76   0) (0 0 0 7 4e78   0) : 
(0 0 0 7 4e77   0) (0 0 0 7 4e79   0) : 
(0 0 0 7 4e7b   0) (0 0 0 7 4e7d   0) : 
(0 0 0 7 4e84   0) (0 0 0 7 4e86   0) : 
(0 0 0 7 4e89   0) (0 0 0 7 4e8b   0) : 
(0 0 0 7 4ee8   0) (0 0 0 7 4eea   0) : 
(0 0 0 7 4ef7   0) (0 0 0 7 4ef9   0) : 
(0 0 0 7 4fb1   0) (0 0 0 7 4fb3   0) : 
(0 0 0 7 5012   0) (0 0 0 7 5014   0) : 
(0 0 0 7 524c   0) (0 0 0 7 524e   0) : 
(0 0 0 7 52a1   0) (0 0 0 7 52a3   0) : 
(0 0 0 7 52a7   0) (0 0 0 7 52a9   0) : 
(0 0 0 7 52b5   0) (0 0 0 7 52b7   0) : 
(0 0 0 7 52c4   0) (0 0 0 7 52c6   0) : 
(0 0 0 7 52c5   0) (0 0 0 7 52c7   0) : 
(0 0 0 7 52c6   0) (0 0 0 7 52c8   0) : 
(0 0 0 7 52c7   0) (0 0 0 7 52c9   0) : 
(0 0 0 7 52c8   0) (0 0 0 7 52ca   0) : 
(0 0 0 7 52cc   0) (0 0 0 7 52ce   0) : 
(0 0 0 7 52cd   0) (0 0 0 7 52cf   0) : 
(0 0 0 7 52ce   0) (0 0 0 7 52d0   0) : 
(0 0 0 7 52cf   0) (0 0 0 7 52d1   0) : 
(0 0 0 7 52d0   0) (0 0 0 7 52d2   0) : 
(0 0 0 7 52d1   0) (0 0 0 7 52d3   0) : 
(0 0 0 7 52d2   0) (0 0 0 7 52d4   0) : 
(0 0 0 7 52d3   0) (0 0 0 7 52d5   0) : 
(0 0 0 7 52d8   0) (0 0 0 7 52da   0) : 
(0 0 0 7 52d9   0) (0 0 0 7 52db   0) : 
(0 0 0 7 52da   0) (0 0 0 7 52dc   0) : 
(0 0 0 7 52db   0) (0 0 0 7 52dd   0) : 
(0 0 0 7 52e6   0) (0 0 0 7 52e8   0) : 
(0 0 0 7 530d   0) (0 0 0 7 530f   0) : 
(0 0 0 7 555d   0) (0 0 0 7 555f   0) : 
(0 0 0 7 55ac   0) (0 0 0 7 55ae   0) : 
(0 0 0 7 55f5   0) (0 0 0 7 55f7   0) : 
(0 0 0 7 5605   0) (0 0 0 7 5607   0) : 
(0 0 0 7 5618   0) (0 0 0 7 561a   0) : 
(0 0 0 7 5619   0) (0 0 0 7 561b   0) : 
(0 0 0 7 5652   0) (0 0 0 7 5654   0) : 
(0 0 0 7 5653   0) (0 0 0 7 5655   0) : 
(0 0 0 7 5699   0) (0 0 0 7 569b   0) : 
(0 0 0 7 56a0   0) (0 0 0 7 56a2   0) : 
(0 0 0 7 56a1   0) (0 0 0 7 56a3   0) : 
(0 0 0 7 56a2   0) (0 0 0 7 56a4   0) : 
(0 0 0 7 56a3   0) (0 0 0 7 56a5   0) : 
(0 0 0 7 56a7   0) (0 0 0 7 56a9   0) : 
(0 0 0 7 56d8   0) (0 0 0 7 56da   0) : 
(0 0 0 7 56f2   0) (0 0 0 7 56f4   0) : 
(0 0 0 7 56f3   0) (0 0 0 7 56f5   0) : 
(0 0 0 7 56f4   0) (0 0 0 7 56f6   0) : 
(0 0 0 7 56f5   0) (0 0 0 7 56f7   0) : 
(0 0 0 7 573d   0) (0 0 0 7 573f   0) : 
(0 0 0 7 57dc   0) (0 0 0 7 57de   0) : 
(0 0 0 7 57dd   0) (0 0 0 7 57df   0) : 
(0 0 0 7 57de   0) (0 0 0 7 57e0   0) : 
(0 0 0 7 5863   0) (0 0 0 7 5865   0) : 
(0 0 0 7 66f8   0) (0 0 0 7 66fa   0) : 
(0 0 0 7 66f9   0) (0 0 0 7 66fb   0) : 
(0 0 0 7 66fa   0) (0 0 0 7 66fc   0) : 
(0 0 0 7 66fb   0) (0 0 0 7 66fd   0) : 
(0 0 0 7 66fc   0) (0 0 0 7 66fe   0) : 
(0 0 0 7 66fd   0) (0 0 0 7 66ff   0) : 
